#
# There is insufficient memory for the Java Runtime Environment to continue.
# Native memory allocation (malloc) failed to allocate 2097152 bytes for AllocateHeap
# Possible reasons:
#   The system is out of physical RAM or swap space
#   The process is running with CompressedOops enabled, and the Java Heap may be blocking the growth of the native heap
# Possible solutions:
#   Reduce memory load on the system
#   Increase physical memory or swap space
#   Check if swap backing store is full
#   Decrease Java heap size (-Xmx/-Xms)
#   Decrease number of Java threads
#   Decrease Java thread stack sizes (-Xss)
#   Set larger code cache with -XX:ReservedCodeCacheSize=
#   JVM is running with Zero Based Compressed Oops mode in which the Java heap is
#     placed in the first 32GB address space. The Java Heap base address is the
#     maximum limit for the native heap growth. Please use -XX:HeapBaseMinAddress
#     to set the Java Heap base and to place the Java Heap above 32GB virtual address.
# This output file may be truncated or incomplete.
#
#  Out of Memory Error (allocation.cpp:44), pid=104376, tid=68768
#
# JRE version: Java(TM) SE Runtime Environment (17.0.1+12) (build 17.0.1+12-LTS-39)
# Java VM: Java HotSpot(TM) 64-Bit Server VM (17.0.1+12-LTS-39, mixed mode, sharing, tiered, compressed oops, compressed class ptrs, g1 gc, windows-amd64)
# No core dump will be written. Minidumps are not enabled by default on client versions of Windows
#

---------------  S U M M A R Y ------------

Command Line: -ea 

Host: AMD Ryzen 7 5800H with Radeon Graphics         , 16 cores, 15G,  Windows 10 , 64 bit Build 19041 (10.0.19041.3155)
Time: Sun Sep  3 10:03:50 2023 中国标准时间 elapsed time: 399.246125 seconds (0d 0h 6m 39s)

---------------  T H R E A D  ---------------

Current thread (0x0000011cff16bae0):  VMThread "VM Thread" [stack: 0x0000000e34980000,0x0000000e34b70000] [id=68768]

Stack: [0x0000000e34980000,0x0000000e34b70000]
Native frames: (J=compiled Java code, j=interpreted, Vv=VM code, C=native code)
C  0x00007ff8f38cfa1a
C  0x00007ff8f3a2e5a4
C  0x00007ff8f3a2fd4e
C  0x00007ff8f3a303b3
C  0x00007ff8f34a2b05
C  0x00007ff8f3304673
C  0x00007ff8f3551bf1
C  0x00007ff8f354da40
C  0x00007ff8f3536247
C  0x00007ff8f3578da7
C  0x00007ff8f3a3484b
C  0x00007ff8f3a35584
C  0x00007ff8f3a35a9c
C  0x00007ff8f3a35e74
C  0x00007ff8f3a35f40
C  0x00007ff8f39de91a
C  0x00007ff8f38ce845
C  [ucrtbase.dll+0x21bb2]
C  [KERNEL32.DLL+0x17614]
C  [ntdll.dll+0x526b1]

VM_Operation (0x0000000e2ffd91f0): G1CollectFull, mode: safepoint, requested by thread 0x0000011cfee71d30


---------------  P R O C E S S  ---------------

Threads class SMR info:
_java_thread_list=0x0000011c9ac02490, length=15, elements={
0x0000011cfee6fb80, 0x0000011cfee6ae80, 0x0000011cfee6b350, 0x0000011cfee69b40,
0x0000011cfee6d500, 0x0000011cfee6bcf0, 0x0000011cfee6f1e0, 0x0000011c8f066d60,
0x0000011c8f068bc0, 0x0000011c8f06b950, 0x0000011cfee709f0, 0x0000011cfee6a010,
0x0000011cfee70ec0, 0x0000011cfee6cb60, 0x0000011cfee71d30
}

Java Threads: ( => current thread )
  0x0000011cfee6fb80 JavaThread "main" [_thread_in_native, id=106772, stack(0x0000000e2fdf0000,0x0000000e2ffe0000)]
  0x0000011cfee6ae80 JavaThread "Reference Handler" daemon [_thread_blocked, id=65480, stack(0x0000000e34b70000,0x0000000e34d60000)]
  0x0000011cfee6b350 JavaThread "Finalizer" daemon [_thread_blocked, id=67112, stack(0x0000000e34d60000,0x0000000e34f50000)]
  0x0000011cfee69b40 JavaThread "Signal Dispatcher" daemon [_thread_blocked, id=104028, stack(0x0000000e35140000,0x0000000e35330000)]
  0x0000011cfee6d500 JavaThread "Attach Listener" daemon [_thread_blocked, id=75112, stack(0x0000000e35330000,0x0000000e35520000)]
  0x0000011cfee6bcf0 JavaThread "Service Thread" daemon [_thread_blocked, id=106512, stack(0x0000000e35520000,0x0000000e35710000)]
  0x0000011cfee6f1e0 JavaThread "Monitor Deflation Thread" daemon [_thread_blocked, id=60280, stack(0x0000000e35710000,0x0000000e35900000)]
  0x0000011c8f066d60 JavaThread "C2 CompilerThread0" daemon [_thread_blocked, id=106024, stack(0x0000000e35900000,0x0000000e35af0000)]
  0x0000011c8f068bc0 JavaThread "C1 CompilerThread0" daemon [_thread_blocked, id=104512, stack(0x0000000e35af0000,0x0000000e35ce0000)]
  0x0000011c8f06b950 JavaThread "Sweeper thread" daemon [_thread_blocked, id=82100, stack(0x0000000e35ce0000,0x0000000e35ed0000)]
  0x0000011cfee709f0 JavaThread "Notification Thread" daemon [_thread_blocked, id=103352, stack(0x0000000e360c0000,0x0000000e362b0000)]
  0x0000011cfee6a010 JavaThread "Common-Cleaner" daemon [_thread_blocked, id=106204, stack(0x0000000e364a0000,0x0000000e36690000)]
  0x0000011cfee70ec0 JavaThread "Python Reference Queue" daemon [_thread_blocked, id=46664, stack(0x0000000e36880000,0x0000000e36a70000)]
  0x0000011cfee6cb60 JavaThread "Thread-2" daemon [_thread_in_native, id=14528, stack(0x0000000e2ffe0000,0x0000000e301d0000)]
  0x0000011cfee71d30 JavaThread "Thread-3" daemon [_thread_blocked, id=105020, stack(0x0000000e2fdf0000,0x0000000e2ffe0000)]

Other Threads:
=>0x0000011cff16bae0 VMThread "VM Thread" [stack: 0x0000000e34980000,0x0000000e34b70000] [id=68768]
  0x0000011c8f1c2dc0 WatcherThread [stack: 0x0000000e362b0000,0x0000000e364a0000] [id=66756]
  0x0000011d228a6650 GCTaskThread "GC Thread#0" [stack: 0x0000000e33fd0000,0x0000000e341c0000] [id=81296]
  0x0000011d228a5380 GCTaskThread "GC Thread#1" [stack: 0x0000000e36e50000,0x0000000e37040000] [id=105820]
  0x0000011d228a40b0 GCTaskThread "GC Thread#2" [stack: 0x0000000e37040000,0x0000000e37230000] [id=104032]
  0x0000011d228a6bb0 GCTaskThread "GC Thread#3" [stack: 0x0000000e37230000,0x0000000e37420000] [id=87444]
  0x0000011d228a4360 GCTaskThread "GC Thread#4" [stack: 0x0000000e37420000,0x0000000e37610000] [id=99136]
  0x0000011d228a5630 GCTaskThread "GC Thread#5" [stack: 0x0000000e37610000,0x0000000e37800000] [id=104336]
  0x0000011d228a60f0 GCTaskThread "GC Thread#6" [stack: 0x0000000e37dd0000,0x0000000e37fc0000] [id=90072]
  0x0000011d228a48c0 GCTaskThread "GC Thread#7" [stack: 0x0000000e379f0000,0x0000000e37be0000] [id=103880]
  0x0000011d228a58e0 GCTaskThread "GC Thread#8" [stack: 0x0000000e37fc0000,0x0000000e381b0000] [id=102648]
  0x0000011c8f6a7090 ConcurrentGCThread "G1 Main Marker" [stack: 0x0000000e341c0000,0x0000000e343b0000] [id=97576]
  0x0000011d228a6900 ConcurrentGCThread "G1 Conc#0" [stack: 0x0000000e343b0000,0x0000000e345a0000] [id=107012]
  0x0000011d228a4e20 ConcurrentGCThread "G1 Conc#1" [stack: 0x0000000e381b0000,0x0000000e383a0000] [id=96240]
  0x0000011d228a4b70 ConcurrentGCThread "G1 Conc#2" [stack: 0x0000000e383a0000,0x0000000e38590000] [id=64144]
  0x0000011c8eff1960 ConcurrentGCThread "G1 Refine#0" [stack: 0x0000000e345a0000,0x0000000e34790000] [id=31896]
  0x0000011cff0f6cf0 ConcurrentGCThread "G1 Service" [stack: 0x0000000e34790000,0x0000000e34980000] [id=84652]

Threads with active compile tasks:

VM state: at safepoint (normal execution)

VM Mutex/Monitor currently owned by a thread:  ([mutex/lock_event])
[0x0000011d2231b750] Threads_lock - owner thread: 0x0000011cff16bae0
[0x0000011d48d45320] Heap_lock - owner thread: 0x0000011cfee71d30

Heap address: 0x0000000702400000, size: 4060 MB, Compressed Oops mode: Zero based, Oop shift amount: 3

CDS archive(s) mapped at: [0x0000000800000000-0x0000000800bc0000-0x0000000800bc0000), size 12320768, SharedBaseAddress: 0x0000000800000000, ArchiveRelocationMode: 0.
Compressed class space mapped at: 0x0000000800c00000-0x0000000840c00000, reserved size: 1073741824
Narrow klass base: 0x0000000800000000, Narrow klass shift: 0, Narrow klass range: 0x100000000

GC Precious Log:
 CPUs: 16 total, 16 available
 Memory: 16236M
 Large Page Support: Disabled
 NUMA Support: Disabled
 Compressed Oops: Enabled (Zero based)
 Heap Region Size: 2M
 Heap Min Capacity: 8M
 Heap Initial Capacity: 254M
 Heap Max Capacity: 4060M
 Pre-touch: Disabled
 Parallel Workers: 13
 Concurrent Workers: 3
 Concurrent Refinement Workers: 13
 Periodic GC: Disabled

Heap:
 garbage-first heap   total 122880K, used 35849K [0x0000000702400000, 0x0000000800000000)
  region size 2048K, 1 young (2048K), 0 survivors (0K)
 Metaspace       used 4873K, committed 4992K, reserved 1056768K
  class space    used 390K, committed 448K, reserved 1048576K

Heap Regions: E=young(eden), S=young(survivor), O=old, HS=humongous(starts), HC=humongous(continues), CS=collection set, F=free, OA=open archive, CA=closed archive, TAMS=top-at-mark-start (previous, next)
|   0|0x0000000702400000, 0x0000000702600000, 0x0000000702600000|100%|HS|  |TAMS 0x0000000702600000, 0x0000000702400000| Untracked 
|   1|0x0000000702600000, 0x00000007027ffff0, 0x0000000702800000| 99%| O|  |TAMS 0x00000007027ffff0, 0x0000000702600000| Untracked 
|   2|0x0000000702800000, 0x00000007029ffff8, 0x0000000702a00000| 99%| O|  |TAMS 0x00000007029ffff8, 0x0000000702800000| Untracked 
|   3|0x0000000702a00000, 0x0000000702bffff0, 0x0000000702c00000| 99%| O|  |TAMS 0x0000000702bffff0, 0x0000000702a00000| Untracked 
|   4|0x0000000702c00000, 0x0000000702e00000, 0x0000000702e00000|100%|HS|  |TAMS 0x0000000702e00000, 0x0000000702c00000| Untracked 
|   5|0x0000000702e00000, 0x0000000703000000, 0x0000000703000000|100%|HS|  |TAMS 0x0000000703000000, 0x0000000702e00000| Untracked 
|   6|0x0000000703000000, 0x00000007031ffff8, 0x0000000703200000| 99%| O|  |TAMS 0x00000007031ffff8, 0x0000000703000000| Untracked 
|   7|0x0000000703200000, 0x00000007033c62b0, 0x0000000703400000| 88%| O|  |TAMS 0x0000000703200000, 0x0000000703200000| Untracked 
|   8|0x0000000703400000, 0x000000070353c278, 0x0000000703600000| 61%| O|  |TAMS 0x0000000703400000, 0x0000000703400000| Untracked 
|   9|0x0000000703600000, 0x0000000703600000, 0x0000000703800000|  0%| F|  |TAMS 0x0000000703600000, 0x0000000703600000| Untracked 
|  10|0x0000000703800000, 0x0000000703800000, 0x0000000703a00000|  0%| F|  |TAMS 0x0000000703800000, 0x0000000703800000| Untracked 
|  11|0x0000000703a00000, 0x0000000703a00000, 0x0000000703c00000|  0%| F|  |TAMS 0x0000000703a00000, 0x0000000703a00000| Untracked 
|  12|0x0000000703c00000, 0x0000000703e00000, 0x0000000703e00000|100%|HS|  |TAMS 0x0000000703e00000, 0x0000000703c00000| Untracked 
|  13|0x0000000703e00000, 0x0000000704000000, 0x0000000704000000|100%| O|  |TAMS 0x0000000704000000, 0x0000000703e00000| Untracked 
|  14|0x0000000704000000, 0x0000000704000000, 0x0000000704200000|  0%| F|  |TAMS 0x0000000704000000, 0x0000000704000000| Untracked 
|  15|0x0000000704200000, 0x0000000704400000, 0x0000000704400000|100%|HS|  |TAMS 0x0000000704400000, 0x0000000704200000| Untracked 
|  16|0x0000000704400000, 0x0000000704600000, 0x0000000704600000|100%|HC|  |TAMS 0x0000000704600000, 0x0000000704400000| Untracked 
|  17|0x0000000704600000, 0x0000000704800000, 0x0000000704800000|100%|HS|  |TAMS 0x0000000704800000, 0x0000000704600000| Untracked 
|  18|0x0000000704800000, 0x00000007049ffff8, 0x0000000704a00000| 99%| O|  |TAMS 0x00000007049ffff8, 0x0000000704800000| Untracked 
|  19|0x0000000704a00000, 0x0000000704bffff0, 0x0000000704c00000| 99%| O|  |TAMS 0x0000000704bffff0, 0x0000000704a00000| Untracked 
|  20|0x0000000704c00000, 0x0000000704c00000, 0x0000000704e00000|  0%| F|  |TAMS 0x0000000704c00000, 0x0000000704c00000| Untracked 
|  21|0x0000000704e00000, 0x0000000704e00000, 0x0000000705000000|  0%| F|  |TAMS 0x0000000704e00000, 0x0000000704e00000| Untracked 
|  22|0x0000000705000000, 0x0000000705000000, 0x0000000705200000|  0%| F|  |TAMS 0x0000000705000000, 0x0000000705000000| Untracked 
|  23|0x0000000705200000, 0x0000000705200000, 0x0000000705400000|  0%| F|  |TAMS 0x0000000705200000, 0x0000000705200000| Untracked 
|  24|0x0000000705400000, 0x0000000705400000, 0x0000000705600000|  0%| F|  |TAMS 0x0000000705400000, 0x0000000705400000| Untracked 
|  25|0x0000000705600000, 0x0000000705600000, 0x0000000705800000|  0%| F|  |TAMS 0x0000000705600000, 0x0000000705600000| Untracked 
|  26|0x0000000705800000, 0x0000000705800000, 0x0000000705a00000|  0%| F|  |TAMS 0x0000000705800000, 0x0000000705800000| Untracked 
|  27|0x0000000705a00000, 0x0000000705a00000, 0x0000000705c00000|  0%| F|  |TAMS 0x0000000705a00000, 0x0000000705a00000| Untracked 
|  28|0x0000000705c00000, 0x0000000705c00000, 0x0000000705e00000|  0%| F|  |TAMS 0x0000000705c00000, 0x0000000705c00000| Untracked 
|  29|0x0000000705e00000, 0x0000000705e00000, 0x0000000706000000|  0%| F|  |TAMS 0x0000000705e00000, 0x0000000705e00000| Untracked 
|  30|0x0000000706000000, 0x0000000706000000, 0x0000000706200000|  0%| F|  |TAMS 0x0000000706000000, 0x0000000706000000| Untracked 
|  31|0x0000000706200000, 0x0000000706200000, 0x0000000706400000|  0%| F|  |TAMS 0x0000000706200000, 0x0000000706200000| Untracked 
|  32|0x0000000706400000, 0x0000000706400000, 0x0000000706600000|  0%| F|  |TAMS 0x0000000706400000, 0x0000000706400000| Untracked 
|  33|0x0000000706600000, 0x0000000706600000, 0x0000000706800000|  0%| F|  |TAMS 0x0000000706600000, 0x0000000706600000| Untracked 
|  34|0x0000000706800000, 0x0000000706800000, 0x0000000706a00000|  0%| F|  |TAMS 0x0000000706800000, 0x0000000706800000| Untracked 
|  35|0x0000000706a00000, 0x0000000706a00000, 0x0000000706c00000|  0%| F|  |TAMS 0x0000000706a00000, 0x0000000706a00000| Untracked 
|  36|0x0000000706c00000, 0x0000000706c00000, 0x0000000706e00000|  0%| F|  |TAMS 0x0000000706c00000, 0x0000000706c00000| Untracked 
|  37|0x0000000706e00000, 0x0000000706e00000, 0x0000000707000000|  0%| F|  |TAMS 0x0000000706e00000, 0x0000000706e00000| Untracked 
|  38|0x0000000707000000, 0x0000000707000000, 0x0000000707200000|  0%| F|  |TAMS 0x0000000707000000, 0x0000000707000000| Untracked 
|  39|0x0000000707200000, 0x0000000707200000, 0x0000000707400000|  0%| F|  |TAMS 0x0000000707200000, 0x0000000707200000| Untracked 
|  40|0x0000000707400000, 0x0000000707400000, 0x0000000707600000|  0%| F|  |TAMS 0x0000000707400000, 0x0000000707400000| Untracked 
|  41|0x0000000707600000, 0x0000000707600000, 0x0000000707800000|  0%| F|  |TAMS 0x0000000707600000, 0x0000000707600000| Untracked 
|  42|0x0000000707800000, 0x0000000707800000, 0x0000000707a00000|  0%| F|  |TAMS 0x0000000707800000, 0x0000000707800000| Untracked 
|  43|0x0000000707a00000, 0x0000000707a00000, 0x0000000707c00000|  0%| F|  |TAMS 0x0000000707a00000, 0x0000000707a00000| Untracked 
|  44|0x0000000707c00000, 0x0000000707c00000, 0x0000000707e00000|  0%| F|  |TAMS 0x0000000707c00000, 0x0000000707c00000| Untracked 
|  45|0x0000000707e00000, 0x0000000707e00000, 0x0000000708000000|  0%| F|  |TAMS 0x0000000707e00000, 0x0000000707e00000| Untracked 
|  46|0x0000000708000000, 0x0000000708000000, 0x0000000708200000|  0%| F|  |TAMS 0x0000000708000000, 0x0000000708000000| Untracked 
|  47|0x0000000708200000, 0x0000000708200000, 0x0000000708400000|  0%| F|  |TAMS 0x0000000708200000, 0x0000000708200000| Untracked 
|  48|0x0000000708400000, 0x0000000708400000, 0x0000000708600000|  0%| F|  |TAMS 0x0000000708400000, 0x0000000708400000| Untracked 
|  49|0x0000000708600000, 0x0000000708600000, 0x0000000708800000|  0%| F|  |TAMS 0x0000000708600000, 0x0000000708600000| Untracked 
|  50|0x0000000708800000, 0x0000000708800000, 0x0000000708a00000|  0%| F|  |TAMS 0x0000000708800000, 0x0000000708800000| Untracked 
|  51|0x0000000708a00000, 0x0000000708a00000, 0x0000000708c00000|  0%| F|  |TAMS 0x0000000708a00000, 0x0000000708a00000| Untracked 
|  52|0x0000000708c00000, 0x0000000708c00000, 0x0000000708e00000|  0%| F|  |TAMS 0x0000000708c00000, 0x0000000708c00000| Untracked 
|  53|0x0000000708e00000, 0x0000000708e00000, 0x0000000709000000|  0%| F|  |TAMS 0x0000000708e00000, 0x0000000708e00000| Untracked 
|  54|0x0000000709000000, 0x0000000709000000, 0x0000000709200000|  0%| F|  |TAMS 0x0000000709000000, 0x0000000709000000| Untracked 
|  55|0x0000000709200000, 0x0000000709200000, 0x0000000709400000|  0%| F|  |TAMS 0x0000000709200000, 0x0000000709200000| Untracked 
|  56|0x0000000709400000, 0x0000000709400000, 0x0000000709600000|  0%| F|  |TAMS 0x0000000709400000, 0x0000000709400000| Untracked 
|  57|0x0000000709600000, 0x0000000709600a78, 0x0000000709800000|  0%| E|  |TAMS 0x0000000709600000, 0x0000000709600000| Complete 
|  71|0x000000070b200000, 0x000000070b400000, 0x000000070b400000|100%| O|  |TAMS 0x000000070b400000, 0x000000070b200000| Untracked 
|  72|0x000000070b400000, 0x000000070b600000, 0x000000070b600000|100%| O|  |TAMS 0x000000070b600000, 0x000000070b400000| Untracked 

Card table byte_map: [0x0000011c975c0000,0x0000011c97db0000] _byte_map_base: 0x0000011c93dae000

Marking Bits (Prev, Next): (CMBitMap*) 0x0000011c8f008900, (CMBitMap*) 0x0000011c8f008940
 Prev Bits: [0x0000011d66840000, 0x0000011d6a7b0000)
 Next Bits: [0x0000011d6a7b0000, 0x0000011d6e720000)

Polling page: 0x0000011c90dd0000

Metaspace:

Usage:
  Non-class:      4.38 MB used.
      Class:    390.73 KB used.
       Both:      4.76 MB used.

Virtual space:
  Non-class space:        8.00 MB reserved,       4.44 MB ( 55%) committed,  1 nodes.
      Class space:        1.00 GB reserved,     448.00 KB ( <1%) committed,  1 nodes.
             Both:        1.01 GB reserved,       4.88 MB ( <1%) committed. 

Chunk freelists:
   Non-Class:  2.64 MB
       Class:  3.51 MB
        Both:  6.15 MB

MaxMetaspaceSize: unlimited
CompressedClassSpaceSize: 1.00 GB
Initial GC threshold: 21.00 MB
Current GC threshold: 21.00 MB
CDS: on
MetaspaceReclaimPolicy: balanced
 - commit_granule_bytes: 65536.
 - commit_granule_words: 8192.
 - virtual_space_node_default_size: 1048576.
 - enlarge_chunks_in_place: 1.
 - new_chunks_are_fully_committed: 0.
 - uncommit_free_chunks: 1.
 - use_allocation_guard: 0.
 - handle_deallocations: 1.


Internal statistics:

num_allocs_failed_limit: 0.
num_arena_births: 34.
num_arena_deaths: 0.
num_vsnodes_births: 2.
num_vsnodes_deaths: 0.
num_space_committed: 78.
num_space_uncommitted: 0.
num_chunks_returned_to_freelist: 0.
num_chunks_taken_from_freelist: 111.
num_chunk_merges: 0.
num_chunk_splits: 71.
num_chunks_enlarged: 55.
num_purges: 0.
num_inconsistent_stats: 0.

CodeHeap 'non-profiled nmethods': size=119168Kb used=1636Kb max_used=1636Kb free=117531Kb
 bounds [0x0000011d5f3e0000, 0x0000011d5f650000, 0x0000011d66840000]
CodeHeap 'profiled nmethods': size=119104Kb used=4473Kb max_used=4473Kb free=114631Kb
 bounds [0x0000011d57f90000, 0x0000011d583f0000, 0x0000011d5f3e0000]
CodeHeap 'non-nmethods': size=7488Kb used=1225Kb max_used=2972Kb free=6262Kb
 bounds [0x0000011d57840000, 0x0000011d57b30000, 0x0000011d57f90000]
 total_blobs=2628 nmethods=2101 adapters=439
 compilation: enabled
              stopped_count=0, restarted_count=0
 full_count=0

Compilation events (20 events):
Event: 224.358 Thread 0x0000011c8f068bc0 2092       1       java.util.Calendar::isLenient (5 bytes)
Event: 224.358 Thread 0x0000011c8f068bc0 nmethod 2092 0x0000011d5f56fb90 code [0x0000011d5f56fd20, 0x0000011d5f56fdf8]
Event: 224.363 Thread 0x0000011c8f068bc0 2093       3       java.util.GregorianCalendar::internalGetEra (18 bytes)
Event: 224.363 Thread 0x0000011c8f068bc0 nmethod 2093 0x0000011d583ec090 code [0x0000011d583ec240, 0x0000011d583ec538]
Event: 224.364 Thread 0x0000011c8f0695e0 2094   !   4       sun.nio.cs.DoubleByte$Encoder::encodeArrayLoop (409 bytes)
Event: 224.365 Thread 0x0000011c8f068bc0 2095       3       java.io.WinNTFileSystem::prefixLength (91 bytes)
Event: 224.366 Thread 0x0000011c8f068bc0 nmethod 2095 0x0000011d583ec690 code [0x0000011d583ec9a0, 0x0000011d583edd38]
Event: 224.366 Thread 0x0000011c8f0686b0 2096       4       java.util.regex.Pattern$Node::study (21 bytes)
Event: 224.366 Thread 0x0000011c8f066d60 2097       4       java.util.regex.Pattern::range (294 bytes)
Event: 224.366 Thread 0x0000011c8f067c90 2098       4       java.util.regex.Pattern::compile (500 bytes)
Event: 224.367 Thread 0x0000011c8f0686b0 nmethod 2096 0x0000011d5f56fe90 code [0x0000011d5f570020, 0x0000011d5f570148]
Event: 224.369 Thread 0x0000011c8f066d60 nmethod 2097 0x0000011d5f570290 code [0x0000011d5f570420, 0x0000011d5f5706d8]
Event: 224.373 Thread 0x0000011c8f068bc0 2099       1       java.text.DontCareFieldPosition::getFieldDelegate (5 bytes)
Event: 224.373 Thread 0x0000011c8f068bc0 nmethod 2099 0x0000011d5f570a90 code [0x0000011d5f570c20, 0x0000011d5f570cf8]
Event: 224.373 Thread 0x0000011c8f0686b0 2100       4       jdk.internal.math.FloatingDecimal$BinaryToASCIIBuffer::dtoa (1509 bytes)
Event: 224.375 Thread 0x0000011c8f0695e0 nmethod 2094 0x0000011d5f570d90 code [0x0000011d5f570f60, 0x0000011d5f571958]
Event: 224.381 Thread 0x0000011c8f0695e0 2101       4       java.util.LinkedHashMap::get (29 bytes)
Event: 224.386 Thread 0x0000011c8f0695e0 nmethod 2101 0x0000011d5f572010 code [0x0000011d5f5721c0, 0x0000011d5f5728c8]
Event: 224.400 Thread 0x0000011c8f067c90 nmethod 2098 0x0000011d5f572c90 code [0x0000011d5f572f00, 0x0000011d5f5745f0]
Event: 224.413 Thread 0x0000011c8f0686b0 nmethod 2100 0x0000011d5f574f90 code [0x0000011d5f5752e0, 0x0000011d5f577490]

GC Heap History (20 events):
Event: 396.258 GC heap before
{Heap before GC invocations=1113 (full 244):
 garbage-first heap   total 122880K, used 35849K [0x0000000702400000, 0x0000000800000000)
  region size 2048K, 1 young (2048K), 0 survivors (0K)
 Metaspace       used 4873K, committed 4992K, reserved 1056768K
  class space    used 390K, committed 448K, reserved 1048576K
}
Event: 396.278 GC heap after
{Heap after GC invocations=1114 (full 245):
 garbage-first heap   total 122880K, used 35849K [0x0000000702400000, 0x0000000800000000)
  region size 2048K, 0 young (0K), 0 survivors (0K)
 Metaspace       used 4873K, committed 4992K, reserved 1056768K
  class space    used 390K, committed 448K, reserved 1048576K
}
Event: 396.923 GC heap before
{Heap before GC invocations=1114 (full 245):
 garbage-first heap   total 122880K, used 35849K [0x0000000702400000, 0x0000000800000000)
  region size 2048K, 1 young (2048K), 0 survivors (0K)
 Metaspace       used 4873K, committed 4992K, reserved 1056768K
  class space    used 390K, committed 448K, reserved 1048576K
}
Event: 396.938 GC heap after
{Heap after GC invocations=1115 (full 246):
 garbage-first heap   total 122880K, used 35849K [0x0000000702400000, 0x0000000800000000)
  region size 2048K, 0 young (0K), 0 survivors (0K)
 Metaspace       used 4873K, committed 4992K, reserved 1056768K
  class space    used 390K, committed 448K, reserved 1048576K
}
Event: 397.117 GC heap before
{Heap before GC invocations=1115 (full 246):
 garbage-first heap   total 122880K, used 35849K [0x0000000702400000, 0x0000000800000000)
  region size 2048K, 1 young (2048K), 0 survivors (0K)
 Metaspace       used 4873K, committed 4992K, reserved 1056768K
  class space    used 390K, committed 448K, reserved 1048576K
}
Event: 397.134 GC heap after
{Heap after GC invocations=1116 (full 247):
 garbage-first heap   total 122880K, used 35849K [0x0000000702400000, 0x0000000800000000)
  region size 2048K, 0 young (0K), 0 survivors (0K)
 Metaspace       used 4873K, committed 4992K, reserved 1056768K
  class space    used 390K, committed 448K, reserved 1048576K
}
Event: 397.311 GC heap before
{Heap before GC invocations=1116 (full 247):
 garbage-first heap   total 122880K, used 35849K [0x0000000702400000, 0x0000000800000000)
  region size 2048K, 1 young (2048K), 0 survivors (0K)
 Metaspace       used 4873K, committed 4992K, reserved 1056768K
  class space    used 390K, committed 448K, reserved 1048576K
}
Event: 397.327 GC heap after
{Heap after GC invocations=1117 (full 248):
 garbage-first heap   total 122880K, used 35849K [0x0000000702400000, 0x0000000800000000)
  region size 2048K, 0 young (0K), 0 survivors (0K)
 Metaspace       used 4873K, committed 4992K, reserved 1056768K
  class space    used 390K, committed 448K, reserved 1048576K
}
Event: 397.702 GC heap before
{Heap before GC invocations=1117 (full 248):
 garbage-first heap   total 122880K, used 35849K [0x0000000702400000, 0x0000000800000000)
  region size 2048K, 1 young (2048K), 0 survivors (0K)
 Metaspace       used 4873K, committed 4992K, reserved 1056768K
  class space    used 390K, committed 448K, reserved 1048576K
}
Event: 397.718 GC heap after
{Heap after GC invocations=1118 (full 249):
 garbage-first heap   total 122880K, used 35849K [0x0000000702400000, 0x0000000800000000)
  region size 2048K, 0 young (0K), 0 survivors (0K)
 Metaspace       used 4873K, committed 4992K, reserved 1056768K
  class space    used 390K, committed 448K, reserved 1048576K
}
Event: 397.718 GC heap before
{Heap before GC invocations=1118 (full 249):
 garbage-first heap   total 122880K, used 35849K [0x0000000702400000, 0x0000000800000000)
  region size 2048K, 1 young (2048K), 0 survivors (0K)
 Metaspace       used 4873K, committed 4992K, reserved 1056768K
  class space    used 390K, committed 448K, reserved 1048576K
}
Event: 397.734 GC heap after
{Heap after GC invocations=1119 (full 250):
 garbage-first heap   total 122880K, used 35849K [0x0000000702400000, 0x0000000800000000)
  region size 2048K, 0 young (0K), 0 survivors (0K)
 Metaspace       used 4873K, committed 4992K, reserved 1056768K
  class space    used 390K, committed 448K, reserved 1048576K
}
Event: 397.913 GC heap before
{Heap before GC invocations=1119 (full 250):
 garbage-first heap   total 122880K, used 35849K [0x0000000702400000, 0x0000000800000000)
  region size 2048K, 1 young (2048K), 0 survivors (0K)
 Metaspace       used 4873K, committed 4992K, reserved 1056768K
  class space    used 390K, committed 448K, reserved 1048576K
}
Event: 397.928 GC heap after
{Heap after GC invocations=1120 (full 251):
 garbage-first heap   total 122880K, used 35849K [0x0000000702400000, 0x0000000800000000)
  region size 2048K, 0 young (0K), 0 survivors (0K)
 Metaspace       used 4873K, committed 4992K, reserved 1056768K
  class space    used 390K, committed 448K, reserved 1048576K
}
Event: 398.110 GC heap before
{Heap before GC invocations=1120 (full 251):
 garbage-first heap   total 122880K, used 35849K [0x0000000702400000, 0x0000000800000000)
  region size 2048K, 1 young (2048K), 0 survivors (0K)
 Metaspace       used 4873K, committed 4992K, reserved 1056768K
  class space    used 390K, committed 448K, reserved 1048576K
}
Event: 398.126 GC heap after
{Heap after GC invocations=1121 (full 252):
 garbage-first heap   total 122880K, used 35849K [0x0000000702400000, 0x0000000800000000)
  region size 2048K, 0 young (0K), 0 survivors (0K)
 Metaspace       used 4873K, committed 4992K, reserved 1056768K
  class space    used 390K, committed 448K, reserved 1048576K
}
Event: 398.780 GC heap before
{Heap before GC invocations=1121 (full 252):
 garbage-first heap   total 122880K, used 35849K [0x0000000702400000, 0x0000000800000000)
  region size 2048K, 1 young (2048K), 0 survivors (0K)
 Metaspace       used 4873K, committed 4992K, reserved 1056768K
  class space    used 390K, committed 448K, reserved 1048576K
}
Event: 398.800 GC heap after
{Heap after GC invocations=1122 (full 253):
 garbage-first heap   total 122880K, used 35849K [0x0000000702400000, 0x0000000800000000)
  region size 2048K, 0 young (0K), 0 survivors (0K)
 Metaspace       used 4873K, committed 4992K, reserved 1056768K
  class space    used 390K, committed 448K, reserved 1048576K
}
Event: 399.005 GC heap before
{Heap before GC invocations=1122 (full 253):
 garbage-first heap   total 122880K, used 35849K [0x0000000702400000, 0x0000000800000000)
  region size 2048K, 1 young (2048K), 0 survivors (0K)
 Metaspace       used 4873K, committed 4992K, reserved 1056768K
  class space    used 390K, committed 448K, reserved 1048576K
}
Event: 399.023 GC heap after
{Heap after GC invocations=1123 (full 254):
 garbage-first heap   total 122880K, used 35849K [0x0000000702400000, 0x0000000800000000)
  region size 2048K, 0 young (0K), 0 survivors (0K)
 Metaspace       used 4873K, committed 4992K, reserved 1056768K
  class space    used 390K, committed 448K, reserved 1048576K
}

Deoptimization events (20 events):
Event: 218.004 Thread 0x0000011cfee6fb80 Uncommon trap: trap_request=0xffffff45 fr.pc=0x0000011d5f540b2c relative=0x00000000000000ec
Event: 218.004 Thread 0x0000011cfee6fb80 Uncommon trap: reason=unstable_if action=reinterpret pc=0x0000011d5f540b2c method=edu.ualberta.storyteller.core.keywordorganizer.CommunityDetectorBetweenness.getFilterStatus(ILedu/ualberta/storyteller/core/keywordorganizer/KeywordEdge;Ledu/ualberta/storyt
Event: 218.004 Thread 0x0000011cfee6fb80 DEOPT PACKING pc=0x0000011d5f540b2c sp=0x0000000e2ff6b130
Event: 218.004 Thread 0x0000011cfee6fb80 DEOPT UNPACKING pc=0x0000011d578923a3 sp=0x0000000e2ff6b0c0 mode 2
Event: 224.363 Thread 0x0000011cfee6fb80 Uncommon trap: trap_request=0xffffffbe fr.pc=0x0000011d5f53ffd0 relative=0x00000000000006f0
Event: 224.363 Thread 0x0000011cfee6fb80 Uncommon trap: reason=profile_predicate action=maybe_recompile pc=0x0000011d5f53ffd0 method=sun.nio.cs.DoubleByte$Encoder.encodeArrayLoop(Ljava/nio/CharBuffer;Ljava/nio/ByteBuffer;)Ljava/nio/charset/CoderResult; @ 59 c2
Event: 224.363 Thread 0x0000011cfee6fb80 DEOPT PACKING pc=0x0000011d5f53ffd0 sp=0x0000000e2ffda230
Event: 224.363 Thread 0x0000011cfee6fb80 DEOPT UNPACKING pc=0x0000011d578923a3 sp=0x0000000e2ffda1a8 mode 2
Event: 224.364 Thread 0x0000011cfee6fb80 Uncommon trap: trap_request=0xffffffbe fr.pc=0x0000011d5f53ffd0 relative=0x00000000000006f0
Event: 224.364 Thread 0x0000011cfee6fb80 Uncommon trap: reason=profile_predicate action=maybe_recompile pc=0x0000011d5f53ffd0 method=sun.nio.cs.DoubleByte$Encoder.encodeArrayLoop(Ljava/nio/CharBuffer;Ljava/nio/ByteBuffer;)Ljava/nio/charset/CoderResult; @ 59 c2
Event: 224.364 Thread 0x0000011cfee6fb80 DEOPT PACKING pc=0x0000011d5f53ffd0 sp=0x0000000e2ffda230
Event: 224.364 Thread 0x0000011cfee6fb80 DEOPT UNPACKING pc=0x0000011d578923a3 sp=0x0000000e2ffda1a8 mode 2
Event: 224.364 Thread 0x0000011cfee6fb80 Uncommon trap: trap_request=0xffffffbe fr.pc=0x0000011d5f53ffd0 relative=0x00000000000006f0
Event: 224.364 Thread 0x0000011cfee6fb80 Uncommon trap: reason=profile_predicate action=maybe_recompile pc=0x0000011d5f53ffd0 method=sun.nio.cs.DoubleByte$Encoder.encodeArrayLoop(Ljava/nio/CharBuffer;Ljava/nio/ByteBuffer;)Ljava/nio/charset/CoderResult; @ 59 c2
Event: 224.364 Thread 0x0000011cfee6fb80 DEOPT PACKING pc=0x0000011d5f53ffd0 sp=0x0000000e2ffda230
Event: 224.364 Thread 0x0000011cfee6fb80 DEOPT UNPACKING pc=0x0000011d578923a3 sp=0x0000000e2ffda1a8 mode 2
Event: 224.364 Thread 0x0000011cfee6fb80 Uncommon trap: trap_request=0xffffffbe fr.pc=0x0000011d5f53ffd0 relative=0x00000000000006f0
Event: 224.364 Thread 0x0000011cfee6fb80 Uncommon trap: reason=profile_predicate action=maybe_recompile pc=0x0000011d5f53ffd0 method=sun.nio.cs.DoubleByte$Encoder.encodeArrayLoop(Ljava/nio/CharBuffer;Ljava/nio/ByteBuffer;)Ljava/nio/charset/CoderResult; @ 59 c2
Event: 224.364 Thread 0x0000011cfee6fb80 DEOPT PACKING pc=0x0000011d5f53ffd0 sp=0x0000000e2ffda230
Event: 224.364 Thread 0x0000011cfee6fb80 DEOPT UNPACKING pc=0x0000011d578923a3 sp=0x0000000e2ffda1a8 mode 2

Classes unloaded (0 events):
No events

Classes redefined (0 events):
No events

Internal exceptions (11 events):
Event: 0.206 Thread 0x0000011cfee6fb80 Exception <a 'java/lang/NoClassDefFoundError'{0x0000000711e4e958}: org/jpype/classloader/DynamicClassLoader> (0x0000000711e4e958) 
thrown [t:\workspace\open\src\hotspot\share\classfile\systemDictionary.cpp, line 245]
Event: 0.289 Thread 0x0000011cfee6fb80 Exception <a 'java/lang/NoSuchMethodError'{0x0000000711f99450}: 'java.lang.Object java.lang.invoke.DirectMethodHandle$Holder.invokeInterface(java.lang.Object, java.lang.Object)'> (0x0000000711f99450) 
thrown [t:\workspace\open\src\hotspot\share\interpreter\linkResolver.cpp, line 766]
Event: 0.289 Thread 0x0000011cfee6fb80 Exception <a 'java/lang/IncompatibleClassChangeError'{0x0000000711f9cb10}: Found class java.lang.Object, but interface was expected> (0x0000000711f9cb10) 
thrown [t:\workspace\open\src\hotspot\share\interpreter\linkResolver.cpp, line 833]
Event: 0.854 Thread 0x0000011cfee6fb80 Exception <a 'java/lang/NoSuchMethodError'{0x000000070a691968}: 'double java.lang.invoke.DirectMethodHandle$Holder.invokeStatic(java.lang.Object, java.lang.Object)'> (0x000000070a691968) 
thrown [t:\workspace\open\src\hotspot\share\interpreter\linkResolver.cpp, line 766]
Event: 0.922 Thread 0x0000011cfee6fb80 Exception <a 'java/lang/NoSuchMethodError'{0x00000007042151e0}: 'java.lang.Object java.lang.invoke.DirectMethodHandle$Holder.invokeStaticInit(java.lang.Object, int, int, int, int)'> (0x00000007042151e0) 
thrown [t:\workspace\open\src\hotspot\share\interpreter\linkResolver.cpp, line 766]
Event: 1.001 Thread 0x0000011cfee6fb80 Exception <a 'java/lang/NoSuchMethodError'{0x00000007042c2688}: 'java.lang.Object java.lang.invoke.DirectMethodHandle$Holder.invokeStaticInit(java.lang.Object, java.lang.Object, int, int, int, int)'> (0x00000007042c2688) 
thrown [t:\workspace\open\src\hotspot\share\interpreter\linkResolver.cpp, line 766]
Event: 1.010 Thread 0x0000011cfee6fb80 Implicit null exception at 0x0000011d5f423e55 to 0x0000011d5f424424
Event: 1.022 Thread 0x0000011cfee6fb80 Implicit null exception at 0x0000011d5f421c52 to 0x0000011d5f42220c
Event: 1.184 Thread 0x0000011cfee6fb80 Exception <a 'java/lang/NoSuchMethodError'{0x0000000704aad540}: 'java.lang.Object java.lang.invoke.DirectMethodHandle$Holder.invokeStaticInit(java.lang.Object)'> (0x0000000704aad540) 
thrown [t:\workspace\open\src\hotspot\share\interpreter\linkResolver.cpp, line 766]
Event: 11.007 Thread 0x0000011cfee6fb80 Implicit null exception at 0x0000011d5f428f31 to 0x0000011d5f42910c
Event: 11.007 Thread 0x0000011cfee6fb80 Implicit null exception at 0x0000011d5f428847 to 0x0000011d5f428b24

VM Operations (20 events):
Event: 396.278 Executing VM operation: G1CollectFull done
Event: 396.923 Executing VM operation: G1CollectFull
Event: 396.938 Executing VM operation: G1CollectFull done
Event: 397.117 Executing VM operation: G1CollectFull
Event: 397.134 Executing VM operation: G1CollectFull done
Event: 397.311 Executing VM operation: G1CollectFull
Event: 397.328 Executing VM operation: G1CollectFull done
Event: 397.702 Executing VM operation: G1CollectFull
Event: 397.718 Executing VM operation: G1CollectFull done
Event: 397.718 Executing VM operation: G1CollectFull
Event: 397.734 Executing VM operation: G1CollectFull done
Event: 397.913 Executing VM operation: G1CollectFull
Event: 397.928 Executing VM operation: G1CollectFull done
Event: 398.110 Executing VM operation: G1CollectFull
Event: 398.126 Executing VM operation: G1CollectFull done
Event: 398.780 Executing VM operation: G1CollectFull
Event: 398.800 Executing VM operation: G1CollectFull done
Event: 399.005 Executing VM operation: G1CollectFull
Event: 399.023 Executing VM operation: G1CollectFull done
Event: 399.234 Executing VM operation: G1CollectFull

Events (20 events):
Event: 64.449 Thread 0x0000011c8f06be60 Thread added: 0x0000011c8f06be60
Event: 64.937 Thread 0x0000011c8f067c90 Thread added: 0x0000011c8f067c90
Event: 70.179 Thread 0x0000011c8f06be60 Thread exited: 0x0000011c8f06be60
Event: 70.179 Thread 0x0000011c8f067c90 Thread exited: 0x0000011c8f067c90
Event: 70.179 Thread 0x0000011c8f06af30 Thread exited: 0x0000011c8f06af30
Event: 70.179 Thread 0x0000011c8f0695e0 Thread exited: 0x0000011c8f0695e0
Event: 130.888 Thread 0x0000011c8f067c90 Thread added: 0x0000011c8f067c90
Event: 131.234 Thread 0x0000011c8f067c90 Thread exited: 0x0000011c8f067c90
Event: 131.532 Thread 0x0000011c8f067c90 Thread added: 0x0000011c8f067c90
Event: 131.532 Thread 0x0000011c8f0686b0 Thread added: 0x0000011c8f0686b0
Event: 136.570 Thread 0x0000011c8f0686b0 Thread exited: 0x0000011c8f0686b0
Event: 141.571 Thread 0x0000011c8f067c90 Thread exited: 0x0000011c8f067c90
Event: 224.342 Thread 0x0000011c8f0686b0 Thread added: 0x0000011c8f0686b0
Event: 224.347 Thread 0x0000011c8f0695e0 Thread added: 0x0000011c8f0695e0
Event: 224.347 Thread 0x0000011c8f067c90 Thread added: 0x0000011c8f067c90
Event: 229.400 Thread 0x0000011c8f067c90 Thread exited: 0x0000011c8f067c90
Event: 234.381 Thread 0x0000011c8f0695e0 Thread exited: 0x0000011c8f0695e0
Event: 234.381 Thread 0x0000011c8f0686b0 Thread exited: 0x0000011c8f0686b0
Event: 339.047 Thread 0x0000011cfee6cb60 Thread added: 0x0000011cfee6cb60
Event: 339.745 Thread 0x0000011cfee71d30 Thread added: 0x0000011cfee71d30


Dynamic libraries:
0x00007ff725ac0000 - 0x00007ff725ada000 	F:\python3.10\python.exe
0x00007ff975b70000 - 0x00007ff975d68000 	C:\Windows\SYSTEM32\ntdll.dll
0x00007ff975a60000 - 0x00007ff975b1f000 	C:\Windows\System32\KERNEL32.DLL
0x00007ff9735d0000 - 0x00007ff9738c6000 	C:\Windows\System32\KERNELBASE.dll
0x00007ff9738d0000 - 0x00007ff9739d0000 	C:\Windows\System32\ucrtbase.dll
0x00007ff8f50e0000 - 0x00007ff8f5539000 	F:\python3.10\python310.dll
0x00007ff901f30000 - 0x00007ff901f4b000 	F:\python3.10\VCRUNTIME140.dll
0x00007ff974a80000 - 0x00007ff974aeb000 	C:\Windows\System32\WS2_32.dll
0x00007ff974e00000 - 0x00007ff974f26000 	C:\Windows\System32\RPCRT4.dll
0x00007ff975520000 - 0x00007ff9755cf000 	C:\Windows\System32\ADVAPI32.dll
0x00007ff9757a0000 - 0x00007ff97583e000 	C:\Windows\System32\msvcrt.dll
0x00007ff975480000 - 0x00007ff97551c000 	C:\Windows\System32\sechost.dll
0x00007ff972de0000 - 0x00007ff972dea000 	C:\Windows\SYSTEM32\VERSION.dll
0x00007ff972b70000 - 0x00007ff972b88000 	C:\Windows\SYSTEM32\CRYPTSP.dll
0x00007ff972220000 - 0x00007ff972254000 	C:\Windows\system32\rsaenh.dll
0x00007ff973250000 - 0x00007ff973277000 	C:\Windows\System32\bcrypt.dll
0x00007ff972b90000 - 0x00007ff972b9c000 	C:\Windows\SYSTEM32\CRYPTBASE.dll
0x00007ff9733a0000 - 0x00007ff973422000 	C:\Windows\System32\bcryptPrimitives.dll
0x0000011ccb4c0000 - 0x0000011ccb4cf000 	F:\python3.10\python3.DLL
0x00007ff96ed70000 - 0x00007ff96ed78000 	F:\python3.10\lib\site-packages\markupsafe\_speedups.cp310-win_amd64.pyd
0x00007ff901080000 - 0x00007ff901095000 	F:\python3.10\DLLs\_bz2.pyd
0x00007ff8f50b0000 - 0x00007ff8f50d9000 	F:\python3.10\DLLs\_lzma.pyd
0x00007ff96d320000 - 0x00007ff96d330000 	F:\python3.10\DLLs\_hashlib.pyd
0x00007ff8f4d60000 - 0x00007ff8f50af000 	F:\python3.10\DLLs\libcrypto-1_1.dll
0x00007ff9755f0000 - 0x00007ff97578d000 	C:\Windows\System32\USER32.dll
0x00007ff9734e0000 - 0x00007ff973502000 	C:\Windows\System32\win32u.dll
0x00007ff975a30000 - 0x00007ff975a5c000 	C:\Windows\System32\GDI32.dll
0x00007ff973280000 - 0x00007ff973395000 	C:\Windows\System32\gdi32full.dll
0x00007ff973b30000 - 0x00007ff973bcd000 	C:\Windows\System32\msvcp_win.dll
0x00007ff973bd0000 - 0x00007ff973c00000 	C:\Windows\System32\IMM32.DLL
0x00007ff900480000 - 0x00007ff900495000 	F:\python3.10\DLLs\_socket.pyd
0x00007ff972620000 - 0x00007ff97265b000 	C:\Windows\SYSTEM32\IPHLPAPI.DLL
0x00007ff94bef0000 - 0x00007ff94bef9000 	F:\python3.10\DLLs\select.pyd
0x00007ff8f4d30000 - 0x00007ff8f4d58000 	F:\python3.10\DLLs\_ssl.pyd
0x00007ff9739d0000 - 0x00007ff973b2e000 	C:\Windows\System32\CRYPT32.dll
0x00007ff8f4c80000 - 0x00007ff8f4d2e000 	F:\python3.10\DLLs\libssl-1_1.dll
0x00007ff8f81b0000 - 0x00007ff8f81cf000 	F:\python3.10\DLLs\_ctypes.pyd
0x00007ff974b50000 - 0x00007ff974c7a000 	C:\Windows\System32\ole32.dll
0x00007ff974690000 - 0x00007ff9749e4000 	C:\Windows\System32\combase.dll
0x00007ff9758f0000 - 0x00007ff9759bd000 	C:\Windows\System32\OLEAUT32.dll
0x00007ff948200000 - 0x00007ff94820b000 	F:\python3.10\DLLs\libffi-7.dll
0x00007ff931fa0000 - 0x00007ff9320b4000 	F:\python3.10\DLLs\unicodedata.pyd
0x00007ff96d2e0000 - 0x00007ff96d31e000 	F:\python3.10\DLLs\_decimal.pyd
0x00007ff945df0000 - 0x00007ff945df7000 	F:\python3.10\DLLs\_uuid.pyd
0x00007ff973c00000 - 0x00007ff974344000 	C:\Windows\System32\shell32.DLL
0x0000000070200000 - 0x0000000072088000 	F:\python3.10\lib\site-packages\numpy\.libs\libopenblas.FB5AE2TYXYH2IJRDKGDGQ3XBKLKTF43H.gfortran-win_amd64.dll
0x00007ff930af0000 - 0x00007ff930da5000 	F:\python3.10\lib\site-packages\numpy\core\_multiarray_umath.cp310-win_amd64.pyd
0x00007ff96d2c0000 - 0x00007ff96d2d5000 	F:\python3.10\lib\site-packages\numpy\core\_multiarray_tests.cp310-win_amd64.pyd
0x00007ff96d2a0000 - 0x00007ff96d2bd000 	F:\python3.10\lib\site-packages\numpy\linalg\_umath_linalg.cp310-win_amd64.pyd
0x00007ff96d280000 - 0x00007ff96d29f000 	F:\python3.10\lib\site-packages\numpy\fft\_pocketfft_internal.cp310-win_amd64.pyd
0x00007ff94df20000 - 0x00007ff94dfaa000 	F:\python3.10\lib\site-packages\numpy\random\mtrand.cp310-win_amd64.pyd
0x00007ff96d250000 - 0x00007ff96d276000 	F:\python3.10\lib\site-packages\numpy\random\bit_generator.cp310-win_amd64.pyd
0x00007ff96d220000 - 0x00007ff96d24d000 	F:\python3.10\lib\site-packages\numpy\random\_common.cp310-win_amd64.pyd
0x00007ff9657a0000 - 0x00007ff9657da000 	F:\python3.10\lib\site-packages\numpy\random\_bounded_integers.cp310-win_amd64.pyd
0x00007ff965780000 - 0x00007ff965795000 	F:\python3.10\lib\site-packages\numpy\random\_mt19937.cp310-win_amd64.pyd
0x00007ff94df00000 - 0x00007ff94df13000 	F:\python3.10\lib\site-packages\numpy\random\_philox.cp310-win_amd64.pyd
0x00007ff94dee0000 - 0x00007ff94def6000 	F:\python3.10\lib\site-packages\numpy\random\_pcg64.cp310-win_amd64.pyd
0x00007ff96d210000 - 0x00007ff96d220000 	F:\python3.10\lib\site-packages\numpy\random\_sfc64.cp310-win_amd64.pyd
0x00007ff936550000 - 0x00007ff9365f1000 	F:\python3.10\lib\site-packages\numpy\random\_generator.cp310-win_amd64.pyd
0x00007ff931db0000 - 0x00007ff931e92000 	F:\python3.10\lib\site-packages\pandas\_libs\interval.cp310-win_amd64.pyd
0x00007ff931b40000 - 0x00007ff931c75000 	F:\python3.10\lib\site-packages\pandas\_libs\hashtable.cp310-win_amd64.pyd
0x00007ff94deb0000 - 0x00007ff94ded8000 	F:\python3.10\lib\site-packages\pandas\_libs\missing.cp310-win_amd64.pyd
0x00007ff936530000 - 0x00007ff93654d000 	F:\python3.10\lib\site-packages\pandas\_libs\tslibs\dtypes.cp310-win_amd64.pyd
0x00007ff936510000 - 0x00007ff93652b000 	F:\python3.10\lib\site-packages\pandas\_libs\tslibs\np_datetime.cp310-win_amd64.pyd
0x00007ff936040000 - 0x00007ff93606b000 	F:\python3.10\lib\site-packages\pandas\_libs\tslibs\conversion.cp310-win_amd64.pyd
0x00007ff966400000 - 0x00007ff96640d000 	F:\python3.10\lib\site-packages\pandas\_libs\tslibs\base.cp310-win_amd64.pyd
0x00007ff935fc0000 - 0x00007ff935fec000 	F:\python3.10\lib\site-packages\pandas\_libs\tslibs\nattype.cp310-win_amd64.pyd
0x00007ff934330000 - 0x00007ff934365000 	F:\python3.10\lib\site-packages\pandas\_libs\tslibs\tzconversion.cp310-win_amd64.pyd
0x00007ff934300000 - 0x00007ff93432f000 	F:\python3.10\lib\site-packages\pandas\_libs\tslibs\timezones.cp310-win_amd64.pyd
0x00007ff957c40000 - 0x00007ff957c4d000 	F:\python3.10\DLLs\_zoneinfo.pyd
0x0000011ced270000 - 0x0000011ced273000 	C:\Windows\SYSTEM32\tzres.dll
0x00007ff9326b0000 - 0x00007ff9326fc000 	F:\python3.10\lib\site-packages\pandas\_libs\tslibs\parsing.cp310-win_amd64.pyd
0x00007ff9324b0000 - 0x00007ff93254e000 	F:\python3.10\lib\site-packages\pandas\_libs\tslibs\offsets.cp310-win_amd64.pyd
0x00007ff932650000 - 0x00007ff9326ad000 	F:\python3.10\lib\site-packages\pandas\_libs\tslibs\timedeltas.cp310-win_amd64.pyd
0x00007ff931f60000 - 0x00007ff931f9a000 	F:\python3.10\lib\site-packages\pandas\_libs\tslibs\fields.cp310-win_amd64.pyd
0x00007ff952ed0000 - 0x00007ff952ee0000 	F:\python3.10\lib\site-packages\pandas\_libs\tslibs\ccalendar.cp310-win_amd64.pyd
0x00007ff931ef0000 - 0x00007ff931f5b000 	F:\python3.10\lib\site-packages\pandas\_libs\tslibs\timestamps.cp310-win_amd64.pyd
0x00007ff94d100000 - 0x00007ff94d110000 	F:\python3.10\lib\site-packages\pandas\_libs\properties.cp310-win_amd64.pyd
0x00007ff930ef0000 - 0x00007ff930f40000 	F:\python3.10\lib\site-packages\pandas\_libs\tslibs\period.cp310-win_amd64.pyd
0x00007ff932620000 - 0x00007ff932649000 	F:\python3.10\lib\site-packages\pandas\_libs\tslibs\vectorized.cp310-win_amd64.pyd
0x00007ff94c790000 - 0x00007ff94c79f000 	F:\python3.10\lib\site-packages\pandas\_libs\ops_dispatch.cp310-win_amd64.pyd
0x00007ff930970000 - 0x00007ff930aed000 	F:\python3.10\lib\site-packages\pandas\_libs\algos.cp310-win_amd64.pyd
0x00007ff930e70000 - 0x00007ff930ee7000 	F:\python3.10\lib\site-packages\pandas\_libs\lib.cp310-win_amd64.pyd
0x00007ff930f90000 - 0x00007ff930fc7000 	F:\python3.10\lib\site-packages\pandas\_libs\tslib.cp310-win_amd64.pyd
0x00007ff931d80000 - 0x00007ff931da4000 	F:\python3.10\lib\site-packages\pandas\_libs\hashing.cp310-win_amd64.pyd
0x00007ff930940000 - 0x00007ff93096d000 	F:\python3.10\lib\site-packages\pandas\_libs\ops.cp310-win_amd64.pyd
0x00007ff9364f0000 - 0x00007ff936504000 	F:\python3.10\lib\site-packages\pandas\_libs\arrays.cp310-win_amd64.pyd
0x00007ff9308d0000 - 0x00007ff93093a000 	F:\python3.10\lib\site-packages\pandas\_libs\index.cp310-win_amd64.pyd
0x00007ff930740000 - 0x00007ff9308ce000 	F:\python3.10\lib\site-packages\pandas\_libs\join.cp310-win_amd64.pyd
0x00007ff930680000 - 0x00007ff93073a000 	F:\python3.10\lib\site-packages\pandas\_libs\sparse.cp310-win_amd64.pyd
0x00007ff945a60000 - 0x00007ff945a6c000 	F:\python3.10\lib\site-packages\pandas\_libs\reduction.cp310-win_amd64.pyd
0x00007ff944b80000 - 0x00007ff944b8e000 	F:\python3.10\lib\site-packages\pandas\_libs\indexing.cp310-win_amd64.pyd
0x00007ff930640000 - 0x00007ff93067e000 	F:\python3.10\lib\site-packages\pandas\_libs\internals.cp310-win_amd64.pyd
0x00007ff930610000 - 0x00007ff93063a000 	F:\python3.10\lib\site-packages\pandas\_libs\writers.cp310-win_amd64.pyd
0x00007ff9305c0000 - 0x00007ff93060d000 	F:\python3.10\lib\site-packages\pandas\_libs\window\aggregations.cp310-win_amd64.pyd
0x00007ff944a30000 - 0x00007ff944a3c000 	F:\python3.10\lib\site-packages\pandas\_libs\window\VCRUNTIME140_1.dll
0x00007ff930530000 - 0x00007ff9305bd000 	F:\python3.10\lib\site-packages\pandas\_libs\window\MSVCP140.dll
0x00007ff930500000 - 0x00007ff930523000 	F:\python3.10\lib\site-packages\pandas\_libs\window\indexers.cp310-win_amd64.pyd
0x00007ff9304c0000 - 0x00007ff9304f5000 	F:\python3.10\lib\site-packages\pandas\_libs\reshape.cp310-win_amd64.pyd
0x00007ff930480000 - 0x00007ff9304b3000 	F:\python3.10\lib\site-packages\pandas\_libs\tslibs\strptime.cp310-win_amd64.pyd
0x00007ff9302f0000 - 0x00007ff930477000 	F:\python3.10\lib\site-packages\pandas\_libs\groupby.cp310-win_amd64.pyd
0x00007ff9342e0000 - 0x00007ff9342f4000 	F:\python3.10\lib\site-packages\pandas\_libs\testing.cp310-win_amd64.pyd
0x00007ff92fc20000 - 0x00007ff92fc78000 	F:\python3.10\lib\site-packages\pandas\_libs\parsers.cp310-win_amd64.pyd
0x00007ff932490000 - 0x00007ff9324a4000 	F:\python3.10\lib\site-packages\pandas\_libs\json.cp310-win_amd64.pyd
0x00007ff9302d0000 - 0x00007ff9302f0000 	F:\python3.10\DLLs\_elementtree.pyd
0x00007ff930100000 - 0x00007ff930131000 	F:\python3.10\DLLs\pyexpat.pyd
0x00007ff92fc00000 - 0x00007ff92fc17000 	F:\python3.10\lib\site-packages\scipy\_lib\_ccallback_c.cp310-win_amd64.pyd
0x00007ff944720000 - 0x00007ff944729000 	F:\python3.10\lib\site-packages\numpy\linalg\lapack_lite.cp310-win_amd64.pyd
0x00007ff9288c0000 - 0x00007ff928a44000 	F:\python3.10\lib\site-packages\scipy\spatial\_ckdtree.cp310-win_amd64.pyd
0x00007ff928590000 - 0x00007ff9288b2000 	F:\python3.10\lib\site-packages\scipy\sparse\_sparsetools.cp310-win_amd64.pyd
0x00007ff92fb70000 - 0x00007ff92fbfd000 	F:\python3.10\lib\site-packages\scipy\sparse\_csparsetools.cp310-win_amd64.pyd
0x00007ff92fb20000 - 0x00007ff92fb67400 	F:\python3.10\lib\site-packages\scipy\sparse\linalg\_isolve\_iterative.cp310-win_amd64.pyd
0x00007ff909da0000 - 0x00007ff90bc04000 	F:\python3.10\lib\site-packages\scipy.libs\libopenblas-802f9ed1179cb9c9b03d67ff79f48187.dll
0x00007ff9284e0000 - 0x00007ff928580400 	F:\python3.10\lib\site-packages\scipy\linalg\_fblas.cp310-win_amd64.pyd
0x00007ff9282c0000 - 0x00007ff9284dd400 	F:\python3.10\lib\site-packages\scipy\linalg\_flapack.cp310-win_amd64.pyd
0x00007ff928b10000 - 0x00007ff928b7e000 	F:\python3.10\lib\site-packages\scipy\linalg\_cythonized_array_utils.cp310-win_amd64.pyd
0x00007ff92fb00000 - 0x00007ff92fb1f400 	F:\python3.10\lib\site-packages\scipy\linalg\_flinalg.cp310-win_amd64.pyd
0x00007ff928280000 - 0x00007ff9282c0000 	F:\python3.10\lib\site-packages\scipy\linalg\_solve_toeplitz.cp310-win_amd64.pyd
0x00007ff928240000 - 0x00007ff92827b000 	F:\python3.10\lib\site-packages\scipy\linalg\_matfuncs_sqrtm_triu.cp310-win_amd64.pyd
0x00007ff9281d0000 - 0x00007ff928233000 	F:\python3.10\lib\site-packages\scipy\linalg\_matfuncs_expm.cp310-win_amd64.pyd
0x00007ff928140000 - 0x00007ff9281c3400 	F:\python3.10\lib\site-packages\scipy\linalg\cython_lapack.cp310-win_amd64.pyd
0x00007ff9280f0000 - 0x00007ff928132400 	F:\python3.10\lib\site-packages\scipy\linalg\cython_blas.cp310-win_amd64.pyd
0x00007ff928090000 - 0x00007ff9280e5000 	F:\python3.10\lib\site-packages\scipy\linalg\_decomp_update.cp310-win_amd64.pyd
0x00007ff928030000 - 0x00007ff92808f400 	F:\python3.10\lib\site-packages\scipy\sparse\linalg\_dsolve\_superlu.cp310-win_amd64.pyd
0x00007ff927f60000 - 0x00007ff928028400 	F:\python3.10\lib\site-packages\scipy\sparse\linalg\_eigen\arpack\_arpack.cp310-win_amd64.pyd
0x00007ff927ef0000 - 0x00007ff927f5b000 	F:\python3.10\lib\site-packages\scipy\sparse\csgraph\_shortest_path.cp310-win_amd64.pyd
0x00007ff928ae0000 - 0x00007ff928b0e000 	F:\python3.10\lib\site-packages\scipy\sparse\csgraph\_tools.cp310-win_amd64.pyd
0x00007ff927ec0000 - 0x00007ff927eeb000 	F:\python3.10\lib\site-packages\scipy\sparse\csgraph\_traversal.cp310-win_amd64.pyd

dbghelp: loaded successfully - version: 4.0.5 - missing functions: none
symbol engine: initialized successfully - sym options: 0x614 - pdb path: .;F:\python3.10;C:\Windows\SYSTEM32;F:\python3.10\lib\site-packages\markupsafe;F:\python3.10\DLLs;F:\python3.10\lib\site-packages\numpy\.libs;F:\python3.10\lib\site-packages\numpy\core;F:\python3.10\lib\site-packages\numpy\linalg;F:\python3.10\lib\site-packages\numpy\fft;F:\python3.10\lib\site-packages\numpy\random;F:\python3.10\lib\site-packages\pandas\_libs;F:\python3.10\lib\site-packages\pandas\_libs\tslibs;F:\python3.10\lib\site-packages\pandas\_libs\window;F:\python3.10\lib\site-packages\scipy\_lib;F:\python3.10\lib\site-packages\scipy\spatial;F:\python3.10\lib\site-packages\scipy\sparse;F:\python3.10\lib\site-packages\scipy\sparse\linalg\_isolve;F:\python3.10\lib\site-packages\scipy.libs;F:\python3.10\lib\site-packages\scipy\linalg;F:\python3.10\lib\site-packages\scipy\sparse\linalg\_dsolve;F:\python3.10\lib\site-packages\scipy\sparse\linalg\_eigen\arpack;F:\python3.10\lib\site-packages\scipy\sparse\csgraph;F:\python3.10\lib\site-packages\scipy\special;F:\python3.10\lib\site-packages\scipy\spatial\transform;F:\python3.10\lib\site-packages\scipy\ndimage;F:\python3.10\lib\site-packages\scipy\optimize;F:\python3.10\lib\site-packages\scipy\optimize\_trlib;F:\python3.10\lib\site-packages\scipy\optimize\_lsq;F:\python3.10\lib\site-packages\scipy\optimize\_highs;F:\python3.10\lib\site-packages\scipy\integrate;F:\python3.10\lib\site-packages\scipy\stats;F:\python3.10\lib\site-packages\scipy\stats\_boost;F:\python3.10\lib\site-packages\scipy\interpolate;F:\python3.10\lib\site-packages\scipy\stats\_levy_stable;F:\python3.10\lib\site-packages\scipy\_lib\_uarray;F:\python3.10\lib\site-packages\scipy\fft\_pocketfft;F:\python3.10\lib\site-packages\scipy\stats\_rcont;F:\python3.10\lib\site-packages\regex;F:\python3.10\lib\site-packages\sklearn\.libs;F:\python3.10\lib\site-packages\sklearn\__check_build;F:\python3.10\lib\site-packages\sklearn\utils;C:\Users\Eric\AppData\Roaming\Python\Python310\site-packages\win32;C:\Users\Eric\AppData\Roaming\Python\Python310\site-packages\pywin32_system32;C:\Users\Eric\AppData\Roaming\Python\Python310\site-packages\psutil;F:\python3.10\lib\site-packages\sklearn\feature_extraction;F:\python3.10\lib\site-packages\sklearn\preprocessing;F:\python3.10\lib\site-packages\sklearn\svm;F:\python3.10\lib\site-packages\sklearn\metrics;F:\python3.10\lib\site-packages\sklearn\metrics\cluster;F:\python3.10\lib\site-packages\sklearn\linear_model;F:\python3.10\lib\site-packages\sklearn\datasets;F:\python3.10\lib\site-packages\scipy\io\matlab;F:\python3.10\lib\site-packages;F:\JDK\bin\server;F:\JDK\bin;C:\Users\Eric\AppData\Local\Temp\jblas2152503091039805638

VM Arguments:
jvm_args: -ea 
java_command: <unknown>
java_class_path (initial): keywordExtract/storyteller_3.jar
Launcher Type: generic

[Global flags]
     intx CICompilerCount                          = 12                                        {product} {ergonomic}
     uint ConcGCThreads                            = 3                                         {product} {ergonomic}
     uint G1ConcRefinementThreads                  = 13                                        {product} {ergonomic}
   size_t G1HeapRegionSize                         = 2097152                                   {product} {ergonomic}
    uintx GCDrainStackTargetSize                   = 64                                        {product} {ergonomic}
   size_t InitialHeapSize                          = 266338304                                 {product} {ergonomic}
   size_t MarkStackSize                            = 4194304                                   {product} {ergonomic}
   size_t MaxHeapSize                              = 4257218560                                {product} {ergonomic}
   size_t MaxNewSize                               = 2554331136                                {product} {ergonomic}
   size_t MinHeapDeltaBytes                        = 2097152                                   {product} {ergonomic}
   size_t MinHeapSize                              = 8388608                                   {product} {ergonomic}
    uintx NonNMethodCodeHeapSize                   = 7602480                                {pd product} {ergonomic}
    uintx NonProfiledCodeHeapSize                  = 122027880                              {pd product} {ergonomic}
    uintx ProfiledCodeHeapSize                     = 122027880                              {pd product} {ergonomic}
    uintx ReservedCodeCacheSize                    = 251658240                              {pd product} {ergonomic}
     bool SegmentedCodeCache                       = true                                      {product} {ergonomic}
   size_t SoftMaxHeapSize                          = 4257218560                             {manageable} {ergonomic}
     bool UseCompressedClassPointers               = true                           {product lp64_product} {ergonomic}
     bool UseCompressedOops                        = true                           {product lp64_product} {ergonomic}
     bool UseG1GC                                  = true                                      {product} {ergonomic}
     bool UseLargePagesIndividualAllocation        = false                                  {pd product} {ergonomic}

Logging:
Log output configuration:
 #0: stdout all=warning uptime,level,tags
 #1: stderr all=off uptime,level,tags

Environment Variables:
JAVA_HOME=F:\JDK
CLASSPATH=.;F:\JDK\lib;F:\JDK\lib\tools.jar;F:\antlr-4.7.1-complete\antlr-4.7.1-complete.jar;C:\Program Files\Mosek\6\tools\platform\win64x86\bin
PATH=C:\Program Files\NVIDIA GPU Computing Toolkit\CUDA\v11.3\bin;C:\Program Files\NVIDIA GPU Computing Toolkit\CUDA\v11.3\libnvvp;;F:\python3.10\Scripts\;F:\python3.10\;F:\JDK\bin;F:\JDK\jre\bin;D:\VMwar\bin\;F:\miniconda3\lib\site-packages\pyspark\\bin;F:\Miniconda3;F:\Miniconda3\Library\mingw-w64\bin;F:\Miniconda3\Library\usr\bin;F:\Miniconda3\Library\bin;F:\Miniconda3\Scripts;C:\Program Files\PlasticSCM5\server;C:\Program Files\PlasticSCM5\client;C:\Windows\system32;C:\Windows;C:\Windows\System32\Wbem;C:\Windows\System32\WindowsPowerShell\v1.0\;C:\Windows\System32\OpenSSH\;C:\Program Files\NVIDIA Corporation\NVIDIA NvDLISR;D:\Python3.9.6;C:\Program Files\Microsoft SQL Server\Client SDK\ODBC\170\Tools\Binn\;C:\Program Files (x86)\Microsoft SQL Server\150\Tools\Binn\;C:\Program Files\Microsoft SQL Server\150\Tools\Binn\;C:\Program Files\Microsoft SQL Server\150\DTS\Binn\;C:\Program Files (x86)\Microsoft SQL Server\150\DTS\Binn\;C:\Program Files\Azure Data Studio\bin;C:\Program Files\dotnet\;C:\Program Files\Microsoft SQL Server\130\Tools\Binn\;G:\matlab\runtime\win64;G:\matlab\bin;G:\matlab\polyspace\bin;F:\TDM-GCC\bin;F:\srilm-1.7.1.tar\srilm-1.7.1\bin\x64-Release;F:\neo4j-community-4.3.7-windows\neo4j-community-4.3.7\bin;F:\Git\cmd;F:\wget;F:\masm32\Bin;F:\masm32;F:\win_flex_bison-latest;F:\apache-maven-3.8.5-bin\bin\;F:\antlr-4.7.1-complete;G:\nodejs\;C:\Program Files\Mosek\6\tools\platform\win64x86\bin;C:\Program Files (x86)\dotnet\;F:\Graphviz\bin;C:\Program Files (x86)\NVIDIA Corporation\PhysX\Common;C:\Program Files\NVIDIA Corporation\Nsight Compute 2021.1.1\;D:\Python3.9.6\Scripts\;D:\Python3.9.6\;C:\Users\Eric\AppData\Local\Microsoft\WindowsApps;C:\Users\Eric\AppData\Local\atom\bin;F:\texlive\2021\bin\win32;C:\Program Files\Azure Data Studio\bin;C:\Users\Eric\.dotnet\tools;F:\TDM-GCC\bin;G:\PyCharm Community Edition 2021.2.3\bin;;;C:\ghcup\bin;C:\Users\Eric\AppData\Roaming\npm;F:\IntelliJ IDEA 2021.1.3\bin;;D:\Microsoft VS Code\bin
USERNAME=Eric
LANG=zh_CN.UTF-8
OS=Windows_NT
PROCESSOR_IDENTIFIER=AMD64 Family 25 Model 80 Stepping 0, AuthenticAMD



---------------  S Y S T E M  ---------------

OS:
 Windows 10 , 64 bit Build 19041 (10.0.19041.3155)
OS uptime: 12 days 22:25 hours

CPU: total 16 (initial active 16) (16 cores per cpu, 2 threads per core) family 25 model 80 stepping 0 microcode 0x0, cx8, cmov, fxsr, ht, mmx, 3dnowpref, sse, sse2, sse3, ssse3, sse4a, sse4.1, sse4.2, popcnt, lzcnt, tsc, tscinvbit, avx, avx2, aes, erms, clmul, bmi1, bmi2, adx, sha, fma, vzeroupper, clflush, clflushopt

Memory: 4k page, system-wide physical 16236M (681M free)
TotalPageFile size 38724M (AvailPageFile size 100M)
current process WorkingSet (physical memory assigned to process): 1482M, peak: 2464M
current process commit charge ("private bytes"): 3473M, peak: 3594M

vm_info: Java HotSpot(TM) 64-Bit Server VM (17.0.1+12-LTS-39) for windows-amd64 JRE (17.0.1+12-LTS-39), built on Sep 27 2021 18:41:35 by "mach5one" with MS VC++ 16.8 (VS2019)

END.
